2024-09-02 17:06:18,825 - db_helper - INFO - fetch_expenses_for_date called with 2024-08-01
2024-09-02 17:06:19,085 - db_helper - INFO - fetch_expense_summary called with start: 2024-08-01 end: 2024-08-05
2024-09-02 17:06:47,394 - db_helper - INFO - fetch_expenses_for_date called with 2024-09-30
2024-09-02 17:06:47,463 - db_helper - INFO - fetch_expense_summary called with start: 2024-08-01 end: 2024-08-05
2024-09-02 17:07:46,664 - db_helper - INFO - fetch_expenses_for_date called with 2024-09-30
2024-09-02 17:07:46,707 - db_helper - INFO - fetch_expense_summary called with start: 2024-08-01 end: 2024-08-05
2024-09-02 17:12:07,162 - db_helper - INFO - fetch_expenses_for_date called with 2024-08-01
2024-09-02 17:12:34,865 - db_helper - INFO - delete_expenses_for_date called with 2024-08-28
2024-09-02 17:12:34,893 - db_helper - INFO - insert_expense called with date: 2024-08-28, amount: 23.0, category: Shopping, notes: Bought a mercedez car
2024-09-03 13:09:25,792 - db_helper - INFO - fetch_expenses_for_date called with 2024-08-02
2024-09-03 13:14:13,453 - db_helper - INFO - fetch_expenses_for_date called with 2024-08-02
2024-09-03 13:14:40,070 - db_helper - INFO - fetch_expenses_for_date called with 2024-08-02
2024-09-03 13:15:46,497 - db_helper - INFO - fetch_expenses_for_date called with 2024-08-02
2024-09-03 13:16:01,748 - db_helper - INFO - fetch_expenses_for_date called with 2024-08-02
2024-09-03 13:18:09,655 - db_helper - INFO - fetch_expenses_for_date called with 2024-08-01
2024-09-03 13:19:12,044 - db_helper - INFO - fetch_expenses_for_date called with 2024-08-01
2024-09-03 13:20:07,878 - db_helper - INFO - fetch_expenses_for_date called with 2024-08-01
2024-09-03 13:20:18,908 - db_helper - INFO - fetch_expenses_for_date called with 2024-08-01
2024-09-03 13:23:28,920 - db_helper - INFO - fetch_expenses_for_date called with 2024-08-01
2024-09-03 13:24:40,488 - db_helper - INFO - fetch_expenses_for_date called with 2024-08-01
2024-09-03 13:24:42,618 - db_helper - INFO - delete_expenses_for_date called with 2024-08-01
2024-09-03 13:24:42,647 - db_helper - INFO - insert_expense called with date: 2024-08-01, amount: 1340.0, category: Rent, notes: Monthly rent payment
2024-09-03 13:24:42,658 - db_helper - INFO - insert_expense called with date: 2024-08-01, amount: 300.0, category: Food, notes: Groceries for the week
2024-09-03 13:24:42,664 - db_helper - INFO - insert_expense called with date: 2024-08-01, amount: 1200.0, category: Rent, notes: Monthly rent payment
2024-09-03 13:24:42,670 - db_helper - INFO - insert_expense called with date: 2024-08-01, amount: 300.0, category: Food, notes: Groceries for the week
2024-09-03 13:24:42,675 - db_helper - INFO - insert_expense called with date: 2024-08-01, amount: 20.0, category: Shopping, notes: Bought dairy milk chocolate
2024-09-03 13:25:30,234 - db_helper - INFO - fetch_expenses_for_date called with 2024-08-01
2024-09-03 13:25:35,277 - db_helper - INFO - fetch_expenses_for_date called with 2024-08-02
2024-09-03 13:25:39,836 - db_helper - INFO - fetch_expenses_for_date called with 2024-08-16
2024-09-03 13:41:40,040 - db_helper - INFO - fetch_expenses_for_date called with 2024-08-02
2024-09-03 13:42:43,656 - db_helper - INFO - fetch_expenses_for_date called with 2024-08-02
2024-09-03 13:43:46,494 - db_helper - INFO - fetch_expenses_for_date called with 2024-08-02
2024-09-03 13:43:51,431 - db_helper - INFO - fetch_expenses_for_date called with 2024-08-01
2024-09-03 13:43:55,008 - db_helper - INFO - fetch_expenses_for_date called with 2024-08-01
2024-09-03 13:49:44,387 - db_helper - INFO - fetch_expenses_for_date called with 2024-08-01
2024-09-03 13:51:02,499 - db_helper - INFO - fetch_expenses_for_date called with 2024-08-01
2024-09-03 13:52:03,370 - db_helper - INFO - fetch_expenses_for_date called with 2024-08-01
2024-09-03 13:53:26,743 - db_helper - INFO - fetch_expenses_for_date called with 2024-08-01
2024-09-03 13:54:03,659 - db_helper - INFO - fetch_expenses_for_date called with 2024-08-01
2024-09-03 13:57:37,265 - db_helper - INFO - fetch_expenses_for_date called with 2024-08-01
2024-09-03 13:59:03,489 - db_helper - INFO - fetch_expenses_for_date called with 2024-08-01
2024-09-03 14:00:04,391 - db_helper - INFO - fetch_expenses_for_date called with 2024-08-01
2024-09-03 14:01:07,377 - db_helper - INFO - fetch_expenses_for_date called with 2024-08-01
2024-09-03 14:01:34,920 - db_helper - INFO - fetch_expenses_for_date called with 2024-08-01
2024-09-03 14:01:47,824 - db_helper - INFO - fetch_expenses_for_date called with 2024-08-01
2024-09-03 14:02:43,817 - db_helper - INFO - fetch_expenses_for_date called with 2024-08-01
2024-09-03 14:02:49,061 - db_helper - INFO - fetch_expenses_for_date called with 2024-08-02
2024-09-03 14:02:54,091 - db_helper - INFO - fetch_expenses_for_date called with 2024-08-07
2024-09-03 14:08:01,017 - db_helper - INFO - fetch_expenses_for_date called with 2024-08-07
2024-09-03 14:08:39,479 - db_helper - INFO - fetch_expenses_for_date called with 2024-08-07
2024-09-03 14:08:41,555 - db_helper - INFO - delete_expenses_for_date called with 2024-08-07
2024-09-03 14:08:41,565 - db_helper - INFO - insert_expense called with date: 2024-08-07, amount: 20.0, category: Shopping, notes: bought coconut
2024-09-03 14:08:41,581 - db_helper - INFO - insert_expense called with date: 2024-08-07, amount: 10.0, category: Shopping, notes: bought hair oild
2024-09-03 14:08:41,586 - db_helper - INFO - insert_expense called with date: 2024-08-07, amount: 40.0, category: Food, notes: ate pakoda
2024-09-03 14:09:05,902 - db_helper - INFO - fetch_expenses_for_date called with 2024-08-01
2024-09-03 14:09:10,568 - db_helper - INFO - fetch_expenses_for_date called with 2024-08-07
2024-09-03 14:24:39,169 - db_helper - INFO - fetch_expense_summary called with start: 2024-08-01 end: 2024-08-05
2024-09-03 14:30:03,443 - db_helper - INFO - fetch_expense_summary called with start: 2024-08-01 end: 2024-08-05
2024-09-03 14:40:30,568 - db_helper - INFO - fetch_expenses_for_date called with 2024-08-01
2024-09-03 14:41:21,967 - db_helper - INFO - fetch_expenses_for_date called with 2024-08-01
2024-09-03 14:43:12,325 - db_helper - INFO - fetch_expenses_for_date called with 2024-08-01
2024-09-03 14:43:15,409 - db_helper - INFO - fetch_expenses_for_date called with 2024-08-01
2024-09-03 14:43:17,491 - db_helper - INFO - fetch_expense_summary called with start: 2024-08-01 end: 2024-08-05
2024-09-03 14:44:48,321 - db_helper - INFO - fetch_expenses_for_date called with 2024-08-01
2024-09-03 14:44:51,086 - db_helper - INFO - fetch_expenses_for_date called with 2024-08-01
2024-09-03 14:44:53,165 - db_helper - INFO - fetch_expense_summary called with start: 2024-08-01 end: 2024-08-05
2024-09-03 14:45:51,488 - db_helper - INFO - fetch_expenses_for_date called with 2024-08-01
2024-09-03 14:45:54,316 - db_helper - INFO - fetch_expenses_for_date called with 2024-08-01
2024-09-03 14:45:56,444 - db_helper - INFO - fetch_expense_summary called with start: 2024-08-01 end: 2024-08-05
2024-09-03 14:47:15,077 - db_helper - INFO - fetch_expenses_for_date called with 2024-08-01
2024-09-03 14:47:18,864 - db_helper - INFO - fetch_expenses_for_date called with 2024-08-01
2024-09-03 14:47:20,907 - db_helper - INFO - fetch_expense_summary called with start: 2024-08-01 end: 2024-08-05
2024-09-03 14:49:43,199 - db_helper - INFO - fetch_expenses_for_date called with 2024-08-01
2024-09-03 14:49:49,055 - db_helper - INFO - fetch_expenses_for_date called with 2024-08-01
2024-09-03 14:49:51,142 - db_helper - INFO - fetch_expense_summary called with start: 2024-08-01 end: 2024-08-05
2024-09-03 14:50:31,492 - db_helper - INFO - fetch_expenses_for_date called with 2024-08-01
2024-09-03 14:50:34,719 - db_helper - INFO - fetch_expenses_for_date called with 2024-08-01
2024-09-03 14:50:36,818 - db_helper - INFO - fetch_expense_summary called with start: 2024-08-01 end: 2024-08-05
2024-09-03 16:59:07,583 - db_helper - INFO - fetch_expenses_for_date called with 2024-08-01
2024-09-03 16:59:08,307 - db_helper - INFO - fetch_expenses_for_date called with 2024-08-07
2024-09-03 18:04:04,740 - db_helper - INFO - fetch_expenses_for_date called with 2024-08-16
2024-09-03 18:04:09,935 - db_helper - INFO - fetch_expenses_for_date called with 2024-08-17
2024-09-03 18:04:14,123 - db_helper - INFO - fetch_expenses_for_date called with 2024-08-15
2024-09-03 18:04:23,283 - db_helper - INFO - fetch_expenses_for_date called with 2024-08-15
2024-09-03 18:04:25,333 - db_helper - INFO - delete_expenses_for_date called with 2024-08-15
2024-09-03 18:04:30,552 - db_helper - INFO - fetch_expenses_for_date called with 2024-08-16
2024-09-03 18:04:34,641 - db_helper - INFO - fetch_expenses_for_date called with 2024-08-15
2024-09-05 10:13:48,185 - db_helper - INFO - fetch_expense_summary_by_months
2024-09-05 10:29:11,266 - db_helper - INFO - fetch_expenses_for_date called with 2024-08-01
2024-09-05 10:29:17,102 - db_helper - INFO - fetch_expenses_for_date called with 2024-08-01
2024-09-05 10:29:19,197 - db_helper - INFO - fetch_expense_summary called with start: 2024-08-01 end: 2024-08-05
2024-09-05 10:29:21,752 - db_helper - INFO - fetch_expense_summary_by_months
2024-09-05 10:36:42,786 - db_helper - INFO - fetch_expenses_for_date called with 2024-08-01
2024-09-05 10:36:44,868 - db_helper - INFO - fetch_expense_summary_by_months
2024-09-05 10:37:32,719 - db_helper - INFO - fetch_expenses_for_date called with 2024-08-01
2024-09-05 10:37:34,784 - db_helper - INFO - fetch_expense_summary_by_months
2024-09-05 10:39:08,954 - db_helper - INFO - fetch_expenses_for_date called with 2024-08-01
2024-09-05 10:39:11,034 - db_helper - INFO - fetch_expense_summary_by_months
2024-09-05 10:40:10,765 - db_helper - INFO - fetch_expense_summary_by_months
2024-09-05 10:43:39,085 - db_helper - INFO - fetch_expenses_for_date called with 2024-08-01
2024-09-05 10:43:41,155 - db_helper - INFO - fetch_expense_summary_by_months
2024-09-05 10:44:14,705 - db_helper - INFO - fetch_expenses_for_date called with 2024-08-01
2024-09-05 10:44:16,770 - db_helper - INFO - fetch_expense_summary_by_months
2024-09-05 10:44:34,109 - db_helper - INFO - fetch_expenses_for_date called with 2024-08-01
2024-09-05 10:44:36,170 - db_helper - INFO - fetch_expense_summary called with start: 2024-08-01 end: 2024-08-05
2024-09-05 10:44:38,239 - db_helper - INFO - fetch_expense_summary_by_months
2024-09-05 10:54:51,435 - db_helper - INFO - fetch_expenses_for_date called with 2024-08-01
2024-09-05 11:39:19,512 - db_helper - INFO - fetch_expenses_for_date called with 2024-08-09
2024-09-05 11:39:21,875 - db_helper - INFO - fetch_expense_summary_by_months
2024-09-05 11:40:18,005 - db_helper - INFO - fetch_expenses_for_date called with 2024-08-09
2024-09-05 11:40:20,155 - db_helper - INFO - delete_expenses_for_date called with 2024-08-09
2024-09-05 11:40:20,189 - db_helper - INFO - insert_expense called with date: 2024-08-09, amount: 1200.0, category: Rent, notes: Monthly rent payment
2024-09-05 11:40:20,226 - db_helper - INFO - insert_expense called with date: 2024-08-09, amount: 30.0, category: Entertainment, notes: Watched RRR movie
2024-09-05 11:40:20,241 - db_helper - INFO - insert_expense called with date: 2024-08-09, amount: 20.0, category: Shopping, notes: Bought mouse pad
2024-09-05 11:40:22,319 - db_helper - INFO - fetch_expense_summary_by_months
2024-09-05 11:41:36,417 - db_helper - INFO - fetch_expenses_for_date called with 2024-08-09
2024-09-05 11:41:38,538 - db_helper - INFO - fetch_expense_summary called with start: 2024-08-01 end: 2024-08-05
2024-09-05 11:41:40,685 - db_helper - INFO - fetch_expense_summary_by_months
2025-10-02 19:35:51,503 - db_helper - INFO - fetch_expenses_for_date called with 2024-08-01
2025-10-02 19:35:54,146 - db_helper - INFO - fetch_expense_summary_by_months
2025-10-02 19:36:11,211 - db_helper - INFO - fetch_expenses_for_date called with 2024-08-20
2025-10-02 19:36:13,779 - db_helper - INFO - fetch_expense_summary_by_months
2025-10-02 19:36:39,162 - db_helper - INFO - fetch_expenses_for_date called with 2024-08-20
2025-10-02 19:36:41,734 - db_helper - INFO - fetch_expense_summary_by_months
2025-10-02 19:36:52,025 - db_helper - INFO - fetch_expenses_for_date called with 2024-08-28
2025-10-02 19:36:54,586 - db_helper - INFO - fetch_expense_summary_by_months
2025-10-02 19:37:01,424 - db_helper - INFO - fetch_expenses_for_date called with 2024-07-11
2025-10-02 19:37:03,996 - db_helper - INFO - fetch_expense_summary_by_months
2025-10-02 19:37:59,618 - db_helper - INFO - fetch_expenses_for_date called with 2024-08-02
2025-10-02 19:38:02,163 - db_helper - INFO - fetch_expense_summary_by_months
2025-10-02 19:38:05,575 - db_helper - INFO - fetch_expenses_for_date called with 2024-08-02
2025-10-02 19:38:08,111 - db_helper - INFO - delete_expenses_for_date called with 2024-08-02
2025-10-02 19:38:08,619 - db_helper - INFO - insert_expense called with date: 2024-08-02, amount: 50.0, category: Entertainment, notes: Movie tickets
2025-10-02 19:38:09,096 - db_helper - INFO - insert_expense called with date: 2024-08-02, amount: 150.0, category: Shopping, notes: New shoes
2025-10-02 19:38:09,632 - db_helper - INFO - insert_expense called with date: 2024-08-02, amount: 400.0, category: Food, notes: Groceries for the week
2025-10-02 19:38:10,158 - db_helper - INFO - insert_expense called with date: 2024-08-02, amount: 80.0, category: Entertainment, notes: Concert tickets
2025-10-02 19:38:10,686 - db_helper - INFO - insert_expense called with date: 2024-08-02, amount: 100.0, category: Shopping, notes: Clothes
2025-10-02 19:38:13,277 - db_helper - INFO - fetch_expense_summary_by_months
2025-10-02 19:38:14,396 - db_helper - INFO - fetch_expenses_for_date called with 2024-08-02
2025-10-02 19:38:17,069 - db_helper - INFO - fetch_expense_summary called with start: 2024-08-01 end: 2024-08-05
2025-10-02 19:38:19,648 - db_helper - INFO - fetch_expense_summary_by_months
2025-10-02 19:38:19,719 - db_helper - INFO - fetch_expenses_for_date called with 2024-08-02
2025-10-02 19:38:22,333 - db_helper - INFO - fetch_expense_summary called with start: 2024-08-01 end: 2024-08-05
2025-10-02 19:38:24,878 - db_helper - INFO - fetch_expense_summary_by_months
2025-10-02 19:39:19,548 - db_helper - INFO - fetch_expenses_for_date called with 2024-08-02
2025-10-02 19:39:22,114 - db_helper - INFO - fetch_expense_summary_by_months
2025-10-02 19:41:28,919 - db_helper - INFO - fetch_expenses_for_date called with 2025-10-02
2025-10-02 19:41:31,168 - db_helper - INFO - fetch_expense_summary_by_months
2025-10-02 19:41:57,597 - db_helper - INFO - fetch_expenses_for_date called with 2025-10-02
2025-10-02 19:41:59,821 - db_helper - INFO - delete_expenses_for_date called with 2025-10-02
2025-10-02 19:42:00,001 - db_helper - INFO - insert_expense called with date: 2025-10-02, amount: 70.0, category: Food, notes: Ate Gupchup
2025-10-02 19:42:02,191 - db_helper - INFO - fetch_expense_summary_by_months
2025-10-02 19:44:48,254 - db_helper - INFO - fetch_expenses_for_date called with 2024-08-01
2025-10-02 19:44:50,546 - db_helper - INFO - fetch_expense_summary_by_months
2025-10-02 19:45:05,571 - db_helper - INFO - fetch_expenses_for_date called with 2025-10-02
2025-10-02 19:45:08,132 - db_helper - INFO - fetch_expense_summary_by_months
2025-10-02 19:58:06,913 - db_helper - INFO - fetch_expenses_for_date called with 2024-08-01
2025-10-02 19:58:09,217 - db_helper - INFO - fetch_expense_summary_by_months
2025-10-02 19:58:43,896 - db_helper - INFO - fetch_expenses_for_date called with 2024-08-01
2025-10-02 19:58:46,602 - db_helper - INFO - fetch_expense_summary_by_months
